<?xml version="1.0" encoding="UTF-8"?>
<testng-results ignored="0" total="3" passed="3" failed="0" skipped="0">
  <reporter-output>
  </reporter-output>
  <suite started-at="2023-01-09T12:58:44 IST" name="Suite" finished-at="2023-01-09T12:58:44 IST" duration-ms="66">
    <groups>
    </groups>
    <test started-at="2023-01-09T12:58:44 IST" name="Test" finished-at="2023-01-09T12:58:44 IST" duration-ms="66">
      <class name="demo.Annotations">
        <test-method is-config="true" signature="setUp()[pri:0, instance:demo.Annotations@1da2cb77]" started-at="2023-01-09T12:58:44 IST" name="setUp" finished-at="2023-01-09T12:58:44 IST" duration-ms="10" status="PASS">
          <reporter-output>
          </reporter-output>
        </test-method> <!-- setUp -->
        <test-method is-config="true" signature="beforeTest()[pri:0, instance:demo.Annotations@1da2cb77]" started-at="2023-01-09T12:58:44 IST" name="beforeTest" finished-at="2023-01-09T12:58:44 IST" duration-ms="0" status="PASS">
          <reporter-output>
          </reporter-output>
        </test-method> <!-- beforeTest -->
        <test-method is-config="true" signature="beforeClass()[pri:0, instance:demo.Annotations@1da2cb77]" started-at="2023-01-09T12:58:44 IST" name="beforeClass" finished-at="2023-01-09T12:58:44 IST" duration-ms="1" status="PASS">
          <reporter-output>
          </reporter-output>
        </test-method> <!-- beforeClass -->
        <test-method is-config="true" signature="openDBConnection()[pri:0, instance:demo.Annotations@1da2cb77]" started-at="2023-01-09T12:58:44 IST" name="openDBConnection" finished-at="2023-01-09T12:58:44 IST" duration-ms="0" status="PASS">
          <reporter-output>
          </reporter-output>
        </test-method> <!-- openDBConnection -->
        <test-method signature="checkLogin()[pri:0, instance:demo.Annotations@1da2cb77]" started-at="2023-01-09T12:58:44 IST" name="checkLogin" finished-at="2023-01-09T12:58:44 IST" duration-ms="7" status="PASS">
          <reporter-output>
          </reporter-output>
        </test-method> <!-- checkLogin -->
        <test-method is-config="true" signature="closeDBConnection()[pri:0, instance:demo.Annotations@1da2cb77]" started-at="2023-01-09T12:58:44 IST" name="closeDBConnection" finished-at="2023-01-09T12:58:44 IST" duration-ms="1" status="PASS">
          <reporter-output>
          </reporter-output>
        </test-method> <!-- closeDBConnection -->
        <test-method is-config="true" signature="openDBConnection()[pri:0, instance:demo.Annotations@1da2cb77]" started-at="2023-01-09T12:58:44 IST" name="openDBConnection" finished-at="2023-01-09T12:58:44 IST" duration-ms="1" status="PASS">
          <reporter-output>
          </reporter-output>
        </test-method> <!-- openDBConnection -->
        <test-method signature="checkSignUp()[pri:0, instance:demo.Annotations@1da2cb77]" started-at="2023-01-09T12:58:44 IST" name="checkSignUp" finished-at="2023-01-09T12:58:44 IST" duration-ms="1" status="PASS">
          <reporter-output>
          </reporter-output>
        </test-method> <!-- checkSignUp -->
        <test-method is-config="true" signature="closeDBConnection()[pri:0, instance:demo.Annotations@1da2cb77]" started-at="2023-01-09T12:58:44 IST" name="closeDBConnection" finished-at="2023-01-09T12:58:44 IST" duration-ms="1" status="PASS">
          <reporter-output>
          </reporter-output>
        </test-method> <!-- closeDBConnection -->
        <test-method is-config="true" signature="afterClass1()[pri:0, instance:demo.Annotations@1da2cb77]" started-at="2023-01-09T12:58:44 IST" name="afterClass1" finished-at="2023-01-09T12:58:44 IST" duration-ms="1" status="PASS">
          <reporter-output>
          </reporter-output>
        </test-method> <!-- afterClass1 -->
      </class> <!-- demo.Annotations -->
      <class name="demo.First">
        <test-method signature="checkSearch()[pri:0, instance:demo.First@4738a206]" started-at="2023-01-09T12:58:44 IST" name="checkSearch" finished-at="2023-01-09T12:58:44 IST" duration-ms="2" status="PASS">
          <reporter-output>
          </reporter-output>
        </test-method> <!-- checkSearch -->
        <test-method is-config="true" signature="beforeClass1()[pri:0, instance:demo.First@4738a206]" started-at="2023-01-09T12:58:44 IST" name="beforeClass1" finished-at="2023-01-09T12:58:44 IST" duration-ms="0" status="PASS">
          <reporter-output>
          </reporter-output>
        </test-method> <!-- beforeClass1 -->
        <test-method is-config="true" signature="afterClass()[pri:0, instance:demo.First@4738a206]" started-at="2023-01-09T12:58:44 IST" name="afterClass" finished-at="2023-01-09T12:58:44 IST" duration-ms="1" status="PASS">
          <reporter-output>
          </reporter-output>
        </test-method> <!-- afterClass -->
        <test-method is-config="true" signature="afterTest()[pri:0, instance:demo.First@4738a206]" started-at="2023-01-09T12:58:44 IST" name="afterTest" finished-at="2023-01-09T12:58:44 IST" duration-ms="0" status="PASS">
          <reporter-output>
          </reporter-output>
        </test-method> <!-- afterTest -->
        <test-method is-config="true" signature="tearDown()[pri:0, instance:demo.First@4738a206]" started-at="2023-01-09T12:58:45 IST" name="tearDown" finished-at="2023-01-09T12:58:45 IST" duration-ms="0" status="PASS">
          <reporter-output>
          </reporter-output>
        </test-method> <!-- tearDown -->
      </class> <!-- demo.First -->
    </test> <!-- Test -->
  </suite> <!-- Suite -->
</testng-results>
