<?xml version="1.0" encoding="UTF-8"?>
<testng-results ignored="0" total="2" passed="2" failed="0" skipped="0">
  <reporter-output>
  </reporter-output>
  <suite started-at="2022-07-28T19:30:43 IST" name="Suite" finished-at="2022-07-28T19:30:59 IST" duration-ms="16631">
    <groups>
    </groups>
    <test started-at="2022-07-28T19:30:43 IST" name="Test" finished-at="2022-07-28T19:30:59 IST" duration-ms="16631">
      <class name="grid.Chrome">
        <test-method is-config="true" signature="setup()[pri:0, instance:grid.Chrome@651aed93]" started-at="2022-07-28T19:30:51 IST" name="setup" finished-at="2022-07-28T19:30:53 IST" duration-ms="1126" status="PASS">
          <reporter-output>
          </reporter-output>
        </test-method> <!-- setup -->
        <test-method signature="testOne()[pri:0, instance:grid.Chrome@651aed93]" started-at="2022-07-28T19:30:53 IST" name="testOne" finished-at="2022-07-28T19:30:55 IST" duration-ms="2588" status="PASS">
          <reporter-output>
          </reporter-output>
        </test-method> <!-- testOne -->
        <test-method is-config="true" signature="tearDown()[pri:0, instance:grid.Chrome@651aed93]" started-at="2022-07-28T19:30:55 IST" name="tearDown" finished-at="2022-07-28T19:30:59 IST" duration-ms="4179" status="PASS">
          <reporter-output>
          </reporter-output>
        </test-method> <!-- tearDown -->
      </class> <!-- grid.Chrome -->
      <class name="grid.Firefox">
        <test-method is-config="true" signature="setup()[pri:0, instance:grid.Firefox@74f6c5d8]" started-at="2022-07-28T19:30:43 IST" name="setup" finished-at="2022-07-28T19:30:45 IST" duration-ms="2251" status="PASS">
          <reporter-output>
          </reporter-output>
        </test-method> <!-- setup -->
        <test-method signature="testOne()[pri:0, instance:grid.Firefox@74f6c5d8]" started-at="2022-07-28T19:30:45 IST" name="testOne" finished-at="2022-07-28T19:30:47 IST" duration-ms="2283" status="PASS">
          <reporter-output>
          </reporter-output>
        </test-method> <!-- testOne -->
        <test-method is-config="true" signature="tearDown()[pri:0, instance:grid.Firefox@74f6c5d8]" started-at="2022-07-28T19:30:47 IST" name="tearDown" finished-at="2022-07-28T19:30:51 IST" duration-ms="4172" status="PASS">
          <reporter-output>
          </reporter-output>
        </test-method> <!-- tearDown -->
      </class> <!-- grid.Firefox -->
    </test> <!-- Test -->
  </suite> <!-- Suite -->
</testng-results>
